<?xml version="1.0" encoding="UTF-8"?>
<!-- Generated by org.testng.reporters.JUnitReportReporter -->
<testsuite skipped="0" hostname="DESKTOP-V9Q296R" name="com.amazon.test1.ContactsTest" tests="1" failures="0" timestamp="20 May 2018 07:29:06 GMT" time="33.422" errors="0">
  <testcase name="verifyContactPage" time="33.422" classname="com.amazon.test1.ContactsTest"/>
</testsuite> <!-- com.amazon.test1.ContactsTest -->
