<?xml version="1.0" encoding="UTF-8"?>
<!-- Generated by org.testng.reporters.JUnitReportReporter -->
<testsuite skipped="1" hostname="DESKTOP-V9Q296R" name="com.amazon.test1.MyAccountPageTest" tests="1" failures="0" timestamp="20 May 2018 07:29:06 GMT" time="0.000" errors="0">
  <testcase name="LoginApp" time="0.000" classname="com.amazon.test1.MyAccountPageTest">
    <skipped/>
  </testcase> <!-- LoginApp -->
</testsuite> <!-- com.amazon.test1.MyAccountPageTest -->
