<?xml version="1.0" encoding="UTF-8"?>
<!-- Generated by org.testng.reporters.JUnitReportReporter -->
<testsuite skipped="0" hostname="DESKTOP-V9Q296R" name="com.amazon.test1.CrmTest" tests="1" failures="0" timestamp="20 May 2018 07:14:32 GMT" time="31.427" errors="0">
  <testcase name="CrmLoginToApp" time="31.427" classname="com.amazon.test1.CrmTest"/>
</testsuite> <!-- com.amazon.test1.CrmTest -->
